::1 - - [12/Feb/2021:08:21:57 +0000] "GET /api/v1/income/statistic?date=2021-01-01 HTTP/1.1" 200 964 "-" "PostmanRuntime/7.26.8"
::1 - - [12/Feb/2021:08:22:02 +0000] "GET /api/v1/income/statistic?date=2021-01-01 HTTP/1.1" 200 964 "-" "PostmanRuntime/7.26.8"
::1 - - [12/Feb/2021:08:22:02 +0000] "GET /api/v1/income/statistic?date=2021-01-01 HTTP/1.1" 200 964 "-" "PostmanRuntime/7.26.8"
::1 - - [12/Feb/2021:08:22:03 +0000] "GET /api/v1/income/statistic?date=2021-01-01 HTTP/1.1" 200 964 "-" "PostmanRuntime/7.26.8"
::1 - - [12/Feb/2021:08:23:14 +0000] "GET /api/v1/income/statistic?date=2021-01-01 HTTP/1.1" 200 964 "-" "PostmanRuntime/7.26.8"
::1 - - [12/Feb/2021:08:23:25 +0000] "GET /api/v1/income/per_day?start=2021-02-10&end=2021-02-11 HTTP/1.1" 200 202 "-" "PostmanRuntime/7.26.8"
::1 - - [12/Feb/2021:08:24:41 +0000] "GET /api/v1/income/per_day?start=2021-02-10&end=2021-02-11 HTTP/1.1" 200 202 "-" "PostmanRuntime/7.26.8"
::1 - - [12/Feb/2021:08:25:37 +0000] "GET / HTTP/1.1" 200 956 "-" "Mozilla/5.0 (Macintosh; Intel Mac OS X 10_15_6) AppleWebKit/537.36 (KHTML, like Gecko) Chrome/88.0.4324.150 Safari/537.36"
::1 - - [12/Feb/2021:08:25:38 +0000] "GET /style.css HTTP/1.1" 404 65 "-" "Mozilla/5.0 (Macintosh; Intel Mac OS X 10_15_6) AppleWebKit/537.36 (KHTML, like Gecko) Chrome/88.0.4324.150 Safari/537.36"
::1 - - [12/Feb/2021:08:25:38 +0000] "GET /favicon.ico HTTP/1.1" 404 65 "-" "Mozilla/5.0 (Macintosh; Intel Mac OS X 10_15_6) AppleWebKit/537.36 (KHTML, like Gecko) Chrome/88.0.4324.150 Safari/537.36"
::1 - - [12/Feb/2021:08:25:53 +0000] "GET /log HTTP/1.1" 404 65 "-" "Mozilla/5.0 (Macintosh; Intel Mac OS X 10_15_6) AppleWebKit/537.36 (KHTML, like Gecko) Chrome/88.0.4324.150 Safari/537.36"
::1 - - [12/Feb/2021:08:26:04 +0000] "GET /log HTTP/1.1" 404 65 "-" "Mozilla/5.0 (Macintosh; Intel Mac OS X 10_15_6) AppleWebKit/537.36 (KHTML, like Gecko) Chrome/88.0.4324.150 Safari/537.36"
::1 - - [12/Feb/2021:08:26:21 +0000] "GET /log HTTP/1.1" 404 65 "-" "Mozilla/5.0 (Macintosh; Intel Mac OS X 10_15_6) AppleWebKit/537.36 (KHTML, like Gecko) Chrome/88.0.4324.150 Safari/537.36"
::1 - - [12/Feb/2021:08:26:22 +0000] "GET /log HTTP/1.1" 404 65 "-" "Mozilla/5.0 (Macintosh; Intel Mac OS X 10_15_6) AppleWebKit/537.36 (KHTML, like Gecko) Chrome/88.0.4324.150 Safari/537.36"
::1 - - [12/Feb/2021:08:26:32 +0000] "GET /log HTTP/1.1" 404 65 "-" "Mozilla/5.0 (Macintosh; Intel Mac OS X 10_15_6) AppleWebKit/537.36 (KHTML, like Gecko) Chrome/88.0.4324.150 Safari/537.36"
::1 - - [12/Feb/2021:08:26:33 +0000] "GET /log HTTP/1.1" 404 65 "-" "Mozilla/5.0 (Macintosh; Intel Mac OS X 10_15_6) AppleWebKit/537.36 (KHTML, like Gecko) Chrome/88.0.4324.150 Safari/537.36"
::1 - - [12/Feb/2021:08:27:24 +0000] "GET /log HTTP/1.1" 404 65 "-" "Mozilla/5.0 (Macintosh; Intel Mac OS X 10_15_6) AppleWebKit/537.36 (KHTML, like Gecko) Chrome/88.0.4324.150 Safari/537.36"
[0mGET /api/v1/income/per_day?start=2021-02-10&end=2021-02-11 [32m200[0m 71.748 ms - 202[0m
::1 - - [12/Feb/2021:08:33:01 +0000] "GET /api/v1/income/per_day?start=2021-02-10&end=2021-02-11 HTTP/1.1" 200 202
::1 - - [12/Feb/2021:08:33:33 +0000] "GET /api/v1/income/per_day?start=2021-02-10&end=2021-02-11 HTTP/1.1" 200 202 "-" "PostmanRuntime/7.26.8"
